<?xml version="1.0" encoding="UTF-8"?>
<!-- Generated by org.testng.reporters.JUnitXMLReporter -->
<testsuite ignored="0" hostname="LAPTOP-EVT0P56Q" failures="0" tests="4" name="Test" time="10.138" errors="0" timestamp="2023-10-04T22:15:46 IST">
  <testcase classname="api.tests.Usertest" name="TestPostUser" time="3.373"/>
  <testcase classname="api.tests.Usertest" name="TestGetUser" time="1.449"/>
  <testcase classname="api.tests.Usertest" name="TestupadteUser" time="2.884"/>
  <testcase classname="api.tests.Usertest" name="TestdeleteUser" time="1.534"/>
</testsuite> <!-- Test -->
