<?xml version="1.0" encoding="UTF-8"?>
<testng-results ignored="0" total="4" passed="4" failed="0" skipped="0">
  <reporter-output>
  </reporter-output>
  <suite started-at="2023-10-04T22:15:35 IST" name="Suite" finished-at="2023-10-04T22:15:46 IST" duration-ms="10138">
    <groups>
    </groups>
    <test started-at="2023-10-04T22:15:35 IST" name="Test" finished-at="2023-10-04T22:15:46 IST" duration-ms="10138">
      <class name="api.tests.Usertest">
        <test-method is-config="true" signature="setupdata()[pri:0, instance:api.tests.Usertest@66f57048]" started-at="2023-10-04T22:15:36 IST" name="setupdata" finished-at="2023-10-04T22:15:36 IST" duration-ms="612" status="PASS">
          <reporter-output>
          </reporter-output>
        </test-method> <!-- setupdata -->
        <test-method signature="TestPostUser()[pri:1, instance:api.tests.Usertest@66f57048]" started-at="2023-10-04T22:15:36 IST" name="TestPostUser" finished-at="2023-10-04T22:15:40 IST" duration-ms="3373" status="PASS">
          <reporter-output>
          </reporter-output>
        </test-method> <!-- TestPostUser -->
        <test-method signature="TestGetUser()[pri:2, instance:api.tests.Usertest@66f57048]" started-at="2023-10-04T22:15:40 IST" name="TestGetUser" finished-at="2023-10-04T22:15:41 IST" duration-ms="1449" status="PASS">
          <reporter-output>
          </reporter-output>
        </test-method> <!-- TestGetUser -->
        <test-method signature="TestupadteUser()[pri:3, instance:api.tests.Usertest@66f57048]" started-at="2023-10-04T22:15:41 IST" name="TestupadteUser" finished-at="2023-10-04T22:15:44 IST" duration-ms="2884" status="PASS">
          <reporter-output>
          </reporter-output>
        </test-method> <!-- TestupadteUser -->
        <test-method signature="TestdeleteUser()[pri:4, instance:api.tests.Usertest@66f57048]" started-at="2023-10-04T22:15:44 IST" name="TestdeleteUser" finished-at="2023-10-04T22:15:46 IST" duration-ms="1534" status="PASS">
          <reporter-output>
          </reporter-output>
        </test-method> <!-- TestdeleteUser -->
      </class> <!-- api.tests.Usertest -->
    </test> <!-- Test -->
  </suite> <!-- Suite -->
</testng-results>
