<?xml version="1.0" encoding="UTF-8"?>
<testng-results ignored="0" total="8" passed="7" failed="1" skipped="0">
  <reporter-output>
  </reporter-output>
  <suite started-at="2023-10-03T23:19:02 IST" name="Suite" finished-at="2023-10-03T23:19:15 IST" duration-ms="13426">
    <groups>
    </groups>
    <test started-at="2023-10-03T23:19:02 IST" name="Test" finished-at="2023-10-03T23:19:15 IST" duration-ms="13426">
      <class name="api.tests.Usertest2Properties">
        <test-method is-config="true" signature="setupdata()[pri:0, instance:api.tests.Usertest2Properties@73e9cf30]" started-at="2023-10-03T23:19:11 IST" name="setupdata" finished-at="2023-10-03T23:19:11 IST" duration-ms="52" status="PASS">
          <reporter-output>
          </reporter-output>
        </test-method> <!-- setupdata -->
        <test-method signature="TestPostUser()[pri:1, instance:api.tests.Usertest2Properties@73e9cf30]" started-at="2023-10-03T23:19:11 IST" name="TestPostUser" finished-at="2023-10-03T23:19:13 IST" duration-ms="1366" status="PASS">
          <reporter-output>
          </reporter-output>
        </test-method> <!-- TestPostUser -->
        <test-method signature="TestGetUser()[pri:2, instance:api.tests.Usertest2Properties@73e9cf30]" started-at="2023-10-03T23:19:13 IST" name="TestGetUser" finished-at="2023-10-03T23:19:14 IST" duration-ms="1273" status="PASS">
          <reporter-output>
          </reporter-output>
        </test-method> <!-- TestGetUser -->
        <test-method signature="TestupadteUser()[pri:3, instance:api.tests.Usertest2Properties@73e9cf30]" started-at="2023-10-03T23:19:14 IST" name="TestupadteUser" finished-at="2023-10-03T23:19:14 IST" duration-ms="26" status="FAIL">
          <exception class="java.lang.IllegalArgumentException">
            <message>
              <![CDATA[Invalid number of path parameters. Expected 0, was 1. Redundant path parameters are: username=roosevelt.towne.]]>
            </message>
            <full-stacktrace>
              <![CDATA[java.lang.IllegalArgumentException: Invalid number of path parameters. Expected 0, was 1. Redundant path parameters are: username=roosevelt.towne.
at java.base/jdk.internal.reflect.NativeConstructorAccessorImpl.newInstance0(Native Method)
at java.base/jdk.internal.reflect.NativeConstructorAccessorImpl.newInstance(NativeConstructorAccessorImpl.java:77)
at java.base/jdk.internal.reflect.DelegatingConstructorAccessorImpl.newInstance(DelegatingConstructorAccessorImpl.java:45)
at java.base/java.lang.reflect.Constructor.newInstanceWithCaller(Constructor.java:499)
at java.base/java.lang.reflect.Constructor.newInstance(Constructor.java:480)
at org.codehaus.groovy.reflection.CachedConstructor.invoke(CachedConstructor.java:73)
at org.codehaus.groovy.reflection.CachedConstructor.doConstructorInvoke(CachedConstructor.java:60)
at org.codehaus.groovy.runtime.callsite.ConstructorSite$ConstructorSiteNoUnwrap.callConstructor(ConstructorSite.java:86)
at org.codehaus.groovy.runtime.callsite.CallSiteArray.defaultCallConstructor(CallSiteArray.java:57)
at org.codehaus.groovy.runtime.callsite.AbstractCallSite.callConstructor(AbstractCallSite.java:263)
at org.codehaus.groovy.runtime.callsite.AbstractCallSite.callConstructor(AbstractCallSite.java:277)
at io.restassured.internal.RequestSpecificationImpl.assertCorrectNumberOfPathParams(RequestSpecificationImpl.groovy:1277)
at java.base/jdk.internal.reflect.NativeMethodAccessorImpl.invoke0(Native Method)
at java.base/jdk.internal.reflect.NativeMethodAccessorImpl.invoke(NativeMethodAccessorImpl.java:77)
at java.base/jdk.internal.reflect.DelegatingMethodAccessorImpl.invoke(DelegatingMethodAccessorImpl.java:43)
at java.base/java.lang.reflect.Method.invoke(Method.java:568)
at org.codehaus.groovy.reflection.CachedMethod.invoke(CachedMethod.java:343)
at groovy.lang.MetaMethod.doMethodInvoke(MetaMethod.java:328)
at groovy.lang.MetaClassImpl.doInvokeMethod(MetaClassImpl.java:1331)
at groovy.lang.MetaClassImpl.invokeMethod(MetaClassImpl.java:1086)
at groovy.lang.MetaClassImpl.invokeMethod(MetaClassImpl.java:1006)
at groovy.lang.MetaClassImpl.invokeMethod(MetaClassImpl.java:789)
at io.restassured.internal.RequestSpecificationImpl.invokeMethod(RequestSpecificationImpl.groovy)
at org.codehaus.groovy.runtime.callsite.PogoInterceptableSite.call(PogoInterceptableSite.java:46)
at org.codehaus.groovy.runtime.callsite.PogoInterceptableSite.callCurrent(PogoInterceptableSite.java:57)
at org.codehaus.groovy.runtime.callsite.AbstractCallSite.callCurrent(AbstractCallSite.java:176)
at io.restassured.internal.RequestSpecificationImpl.sendRequest(RequestSpecificationImpl.groovy:1161)
at io.restassured.internal.RequestSpecificationImpl.this$2$sendRequest(RequestSpecificationImpl.groovy)
at java.base/jdk.internal.reflect.NativeMethodAccessorImpl.invoke0(Native Method)
at java.base/jdk.internal.reflect.NativeMethodAccessorImpl.invoke(NativeMethodAccessorImpl.java:77)
at java.base/jdk.internal.reflect.DelegatingMethodAccessorImpl.invoke(DelegatingMethodAccessorImpl.java:43)
at java.base/java.lang.reflect.Method.invoke(Method.java:568)
at org.codehaus.groovy.reflection.CachedMethod.invoke(CachedMethod.java:343)
at groovy.lang.MetaMethod.doMethodInvoke(MetaMethod.java:328)
at groovy.lang.MetaClassImpl.doInvokeMethod(MetaClassImpl.java:1331)
at groovy.lang.MetaClassImpl.invokeMethod(MetaClassImpl.java:1086)
at groovy.lang.MetaClassImpl.invokeMethod(MetaClassImpl.java:1006)
at groovy.lang.MetaClassImpl.invokeMethod(MetaClassImpl.java:789)
at io.restassured.internal.RequestSpecificationImpl.invokeMethod(RequestSpecificationImpl.groovy)
at org.codehaus.groovy.runtime.callsite.PogoInterceptableSite.call(PogoInterceptableSite.java:46)
at org.codehaus.groovy.runtime.callsite.AbstractCallSite.call(AbstractCallSite.java:166)
at io.restassured.internal.filter.SendRequestFilter.filter(SendRequestFilter.groovy:30)
at io.restassured.filter.Filter$filter.call(Unknown Source)
at org.codehaus.groovy.runtime.callsite.CallSiteArray.defaultCall(CallSiteArray.java:45)
at io.restassured.filter.Filter$filter$0.call(Unknown Source)
at io.restassured.internal.filter.FilterContextImpl.next(FilterContextImpl.groovy:72)
at io.restassured.filter.time.TimingFilter.filter(TimingFilter.java:56)
at io.restassured.filter.Filter$filter$0.call(Unknown Source)
at org.codehaus.groovy.runtime.callsite.CallSiteArray.defaultCall(CallSiteArray.java:45)
at io.restassured.filter.Filter$filter.call(Unknown Source)
at io.restassured.internal.filter.FilterContextImpl.next(FilterContextImpl.groovy:72)
at io.restassured.filter.FilterContext$next.call(Unknown Source)
at io.restassured.internal.filter.CsrfFilter.filter(CsrfFilter.groovy:70)
at io.restassured.filter.Filter$filter.call(Unknown Source)
at org.codehaus.groovy.runtime.callsite.CallSiteArray.defaultCall(CallSiteArray.java:45)
at io.restassured.filter.Filter$filter.call(Unknown Source)
at io.restassured.internal.filter.FilterContextImpl.next(FilterContextImpl.groovy:72)
at io.restassured.filter.FilterContext$next.call(Unknown Source)
at io.restassured.internal.RequestSpecificationImpl.applyPathParamsAndSendRequest(RequestSpecificationImpl.groovy:1704)
at io.restassured.internal.RequestSpecificationImpl.this$2$applyPathParamsAndSendRequest(RequestSpecificationImpl.groovy)
at java.base/jdk.internal.reflect.NativeMethodAccessorImpl.invoke0(Native Method)
at java.base/jdk.internal.reflect.NativeMethodAccessorImpl.invoke(NativeMethodAccessorImpl.java:77)
at java.base/jdk.internal.reflect.DelegatingMethodAccessorImpl.invoke(DelegatingMethodAccessorImpl.java:43)
at java.base/java.lang.reflect.Method.invoke(Method.java:568)
at org.codehaus.groovy.reflection.CachedMethod.invoke(CachedMethod.java:343)
at groovy.lang.MetaMethod.doMethodInvoke(MetaMethod.java:328)
at groovy.lang.MetaClassImpl.doInvokeMethod(MetaClassImpl.java:1331)
at groovy.lang.MetaClassImpl.invokeMethod(MetaClassImpl.java:1086)
at groovy.lang.MetaClassImpl.invokeMethod(MetaClassImpl.java:1006)
at groovy.lang.MetaClassImpl.invokeMethod(MetaClassImpl.java:789)
at io.restassured.internal.RequestSpecificationImpl.invokeMethod(RequestSpecificationImpl.groovy)
at org.codehaus.groovy.runtime.callsite.PogoInterceptableSite.call(PogoInterceptableSite.java:46)
at org.codehaus.groovy.runtime.callsite.PogoInterceptableSite.callCurrent(PogoInterceptableSite.java:57)
at org.codehaus.groovy.runtime.callsite.AbstractCallSite.callCurrent(AbstractCallSite.java:203)
at io.restassured.internal.RequestSpecificationImpl.applyPathParamsAndSendRequest(RequestSpecificationImpl.groovy:1710)
at io.restassured.internal.RequestSpecificationImpl.this$2$applyPathParamsAndSendRequest(RequestSpecificationImpl.groovy)
at java.base/jdk.internal.reflect.NativeMethodAccessorImpl.invoke0(Native Method)
at java.base/jdk.internal.reflect.NativeMethodAccessorImpl.invoke(NativeMethodAccessorImpl.java:77)
at java.base/jdk.internal.reflect.DelegatingMethodAccessorImpl.invoke(DelegatingMethodAccessorImpl.java:43)
at java.base/java.lang.reflect.Method.invoke(Method.java:568)
at org.codehaus.groovy.reflection.CachedMethod.invoke(CachedMethod.java:343)
at groovy.lang.MetaMethod.doMethodInvoke(MetaMethod.java:328)
at groovy.lang.MetaClassImpl.doInvokeMethod(MetaClassImpl.java:1331)
at groovy.lang.MetaClassImpl.invokeMethod(MetaClassImpl.java:1086)
at groovy.lang.MetaClassImpl.invokeMethod(MetaClassImpl.java:1006)
at groovy.lang.MetaClassImpl.invokeMethod(MetaClassImpl.java:789)
at io.restassured.internal.RequestSpecificationImpl.invokeMethod(RequestSpecificationImpl.groovy)
at org.codehaus.groovy.runtime.callsite.PogoInterceptableSite.call(PogoInterceptableSite.java:46)
at org.codehaus.groovy.runtime.callsite.PogoInterceptableSite.callCurrent(PogoInterceptableSite.java:57)
at org.codehaus.groovy.runtime.callsite.AbstractCallSite.callCurrent(AbstractCallSite.java:203)
at io.restassured.internal.RequestSpecificationImpl.put(RequestSpecificationImpl.groovy:180)
at io.restassured.internal.RequestSpecificationImpl.put(RequestSpecificationImpl.groovy)
at api.endpoints.UserEndPointsProperties.upadteUser(UserEndPointsProperties.java:61)
at api.tests.Usertest2Properties.TestupadteUser(Usertest2Properties.java:69)
at java.base/jdk.internal.reflect.NativeMethodAccessorImpl.invoke0(Native Method)
at java.base/jdk.internal.reflect.NativeMethodAccessorImpl.invoke(NativeMethodAccessorImpl.java:77)
at java.base/jdk.internal.reflect.DelegatingMethodAccessorImpl.invoke(DelegatingMethodAccessorImpl.java:43)
at java.base/java.lang.reflect.Method.invoke(Method.java:568)
at org.testng.internal.invokers.MethodInvocationHelper.invokeMethod(MethodInvocationHelper.java:139)
at org.testng.internal.invokers.TestInvoker.invokeMethod(TestInvoker.java:677)
at org.testng.internal.invokers.TestInvoker.invokeTestMethod(TestInvoker.java:221)
at org.testng.internal.invokers.MethodRunner.runInSequence(MethodRunner.java:50)
at org.testng.internal.invokers.TestInvoker$MethodInvocationAgent.invoke(TestInvoker.java:969)
at org.testng.internal.invokers.TestInvoker.invokeTestMethods(TestInvoker.java:194)
at org.testng.internal.invokers.TestMethodWorker.invokeTestMethods(TestMethodWorker.java:148)
at org.testng.internal.invokers.TestMethodWorker.run(TestMethodWorker.java:128)
at java.base/java.util.ArrayList.forEach(ArrayList.java:1511)
at org.testng.TestRunner.privateRun(TestRunner.java:829)
at org.testng.TestRunner.run(TestRunner.java:602)
at org.testng.SuiteRunner.runTest(SuiteRunner.java:437)
at org.testng.SuiteRunner.runSequentially(SuiteRunner.java:431)
at org.testng.SuiteRunner.privateRun(SuiteRunner.java:391)
at org.testng.SuiteRunner.run(SuiteRunner.java:330)
at org.testng.SuiteRunnerWorker.runSuite(SuiteRunnerWorker.java:52)
at org.testng.SuiteRunnerWorker.run(SuiteRunnerWorker.java:95)
at org.testng.TestNG.runSuitesSequentially(TestNG.java:1256)
at org.testng.TestNG.runSuitesLocally(TestNG.java:1176)
at org.testng.TestNG.runSuites(TestNG.java:1099)
at org.testng.TestNG.run(TestNG.java:1067)
at org.testng.remote.AbstractRemoteTestNG.run(AbstractRemoteTestNG.java:115)
at org.testng.remote.RemoteTestNG.initAndRun(RemoteTestNG.java:251)
at org.testng.remote.RemoteTestNG.main(RemoteTestNG.java:77)
]]>
            </full-stacktrace>
          </exception> <!-- java.lang.IllegalArgumentException -->
          <reporter-output>
          </reporter-output>
        </test-method> <!-- TestupadteUser -->
        <test-method signature="TestdeleteUser()[pri:4, instance:api.tests.Usertest2Properties@73e9cf30]" started-at="2023-10-03T23:19:14 IST" name="TestdeleteUser" finished-at="2023-10-03T23:19:15 IST" duration-ms="1322" status="PASS">
          <reporter-output>
          </reporter-output>
        </test-method> <!-- TestdeleteUser -->
      </class> <!-- api.tests.Usertest2Properties -->
      <class name="api.tests.Usertest">
        <test-method is-config="true" signature="setupdata()[pri:0, instance:api.tests.Usertest@7d4f9aae]" started-at="2023-10-03T23:19:02 IST" name="setupdata" finished-at="2023-10-03T23:19:03 IST" duration-ms="608" status="PASS">
          <reporter-output>
          </reporter-output>
        </test-method> <!-- setupdata -->
        <test-method signature="TestPostUser()[pri:1, instance:api.tests.Usertest@7d4f9aae]" started-at="2023-10-03T23:19:03 IST" name="TestPostUser" finished-at="2023-10-03T23:19:06 IST" duration-ms="3111" status="PASS">
          <reporter-output>
          </reporter-output>
        </test-method> <!-- TestPostUser -->
        <test-method signature="TestGetUser()[pri:2, instance:api.tests.Usertest@7d4f9aae]" started-at="2023-10-03T23:19:06 IST" name="TestGetUser" finished-at="2023-10-03T23:19:07 IST" duration-ms="1315" status="PASS">
          <reporter-output>
          </reporter-output>
        </test-method> <!-- TestGetUser -->
        <test-method signature="TestupadteUser()[pri:3, instance:api.tests.Usertest@7d4f9aae]" started-at="2023-10-03T23:19:07 IST" name="TestupadteUser" finished-at="2023-10-03T23:19:10 IST" duration-ms="2644" status="PASS">
          <reporter-output>
          </reporter-output>
        </test-method> <!-- TestupadteUser -->
        <test-method signature="TestdeleteUser()[pri:4, instance:api.tests.Usertest@7d4f9aae]" started-at="2023-10-03T23:19:10 IST" name="TestdeleteUser" finished-at="2023-10-03T23:19:11 IST" duration-ms="1274" status="PASS">
          <reporter-output>
          </reporter-output>
        </test-method> <!-- TestdeleteUser -->
      </class> <!-- api.tests.Usertest -->
    </test> <!-- Test -->
  </suite> <!-- Suite -->
</testng-results>
